SF:lib/src/domain/entitie/ativo_entity.dart
DA:7,4
LF:1
LH:1
end_of_record
SF:lib/src/domain/use_case/ativo_usecase.dart
DA:9,1
DA:13,1
DA:14,3
LF:3
LH:3
end_of_record
SF:lib/src/domain/entitie/chart_entity.dart
DA:8,4
LF:1
LH:1
end_of_record
SF:lib/src/domain/entitie/http_response.dart
DA:6,1
LF:1
LH:1
end_of_record
SF:lib/src/domain/entitie/result_entity.dart
DA:10,1
LF:1
LH:1
end_of_record
SF:lib/src/domain/entitie/current_tradind_period_entity.dart
DA:9,1
LF:1
LH:1
end_of_record
SF:lib/src/domain/entitie/current_trading_entity.dart
DA:8,2
LF:1
LH:1
end_of_record
SF:lib/src/domain/entitie/indicator_entity.dart
DA:7,1
LF:1
LH:1
end_of_record
SF:lib/src/domain/entitie/quote_entity.dart
DA:9,1
LF:1
LH:1
end_of_record
SF:lib/src/domain/entitie/meta_entity.dart
DA:26,1
LF:1
LH:1
end_of_record
SF:lib/src/presentation/controller/home_controller.dart
DA:12,1
DA:29,0
DA:30,0
DA:31,0
DA:32,0
DA:33,0
DA:37,0
DA:38,0
DA:39,0
DA:40,0
DA:41,0
DA:45,0
DA:46,0
DA:47,0
DA:50,0
DA:52,0
DA:54,0
DA:58,1
DA:60,2
DA:61,3
DA:62,1
DA:63,4
DA:64,3
DA:66,1
DA:68,3
DA:70,2
DA:74,1
DA:75,2
DA:76,2
DA:77,5
DA:78,0
DA:79,0
DA:80,0
DA:83,0
DA:84,0
DA:85,0
DA:86,0
DA:87,0
DA:88,0
DA:89,0
DA:90,0
DA:92,0
DA:95,0
DA:96,0
DA:97,0
DA:100,0
DA:101,0
LF:47
LH:14
end_of_record
SF:lib/src/util/util.dart
DA:5,1
DA:6,4
DA:9,1
DA:10,1
DA:13,1
DA:14,1
DA:15,2
DA:16,2
DA:17,1
DA:21,1
DA:22,3
DA:25,1
DA:26,3
LF:13
LH:13
end_of_record
SF:lib/src/data/data_source/ativo_datasource_impl.dart
DA:13,1
DA:18,1
DA:20,3
DA:21,1
DA:22,2
DA:25,3
LF:6
LH:6
end_of_record
SF:lib/src/data/model/ativo_model.dart
DA:11,1
DA:13,1
DA:15,1
DA:16,1
DA:17,2
DA:21,0
DA:22,0
DA:23,0
DA:27,2
DA:30,1
DA:31,1
DA:32,1
LF:12
LH:9
end_of_record
SF:lib/src/data/model/chart_model.dart
DA:14,1
DA:17,1
DA:19,1
DA:20,1
DA:21,2
DA:22,2
DA:24,1
DA:25,1
DA:30,0
DA:31,0
DA:32,0
DA:33,0
DA:37,0
DA:40,0
DA:41,0
DA:42,0
DA:43,0
LF:17
LH:8
end_of_record
SF:lib/src/data/model/result_model.dart
DA:18,1
DA:22,1
DA:24,1
DA:25,1
DA:26,2
DA:27,1
DA:29,1
DA:30,2
DA:32,2
DA:36,0
DA:37,0
DA:38,0
DA:39,0
DA:40,0
DA:44,0
DA:47,0
DA:48,0
DA:49,0
DA:50,0
DA:51,0
LF:20
LH:9
end_of_record
SF:lib/src/data/model/current_trading_model.dart
DA:19,2
DA:24,2
DA:30,2
DA:31,2
DA:32,2
DA:33,2
DA:34,2
DA:35,2
DA:39,1
DA:40,1
DA:41,2
DA:42,2
DA:43,2
DA:44,2
DA:48,2
DA:51,1
DA:52,1
DA:53,1
DA:54,1
DA:55,1
DA:56,1
LF:21
LH:21
end_of_record
SF:lib/src/data/model/current_trading_period_model.dart
DA:17,1
DA:21,1
DA:23,1
DA:24,1
DA:25,2
DA:26,2
DA:27,2
DA:31,0
DA:32,0
DA:33,0
DA:34,0
DA:35,0
DA:39,0
DA:42,0
DA:43,0
DA:44,0
DA:45,0
DA:46,0
LF:18
LH:7
end_of_record
SF:lib/src/data/model/indicator_model.dart
DA:11,1
DA:13,1
DA:15,1
DA:16,1
DA:17,2
DA:18,2
DA:20,1
DA:25,0
DA:26,0
DA:27,0
DA:31,0
DA:34,0
DA:35,0
DA:36,0
LF:14
LH:7
end_of_record
SF:lib/src/data/model/quote_model.dart
DA:22,1
DA:28,1
DA:30,1
DA:31,1
DA:32,2
DA:33,2
DA:35,1
DA:36,2
DA:37,2
DA:39,1
DA:40,2
DA:41,2
DA:43,1
DA:44,2
DA:45,2
DA:47,1
DA:48,2
DA:49,2
DA:51,1
DA:60,0
DA:61,0
DA:62,0
DA:63,0
DA:64,0
DA:65,0
DA:66,0
DA:70,0
DA:73,0
DA:74,0
DA:75,0
DA:76,0
DA:77,0
DA:78,0
DA:79,0
LF:34
LH:19
end_of_record
SF:lib/src/data/model/meta_model.dart
DA:66,1
DA:86,1
DA:108,1
DA:109,1
DA:110,2
DA:111,2
DA:112,2
DA:116,1
DA:117,2
DA:118,1
DA:120,1
DA:121,1
DA:122,1
DA:123,1
DA:124,1
DA:125,1
DA:126,1
DA:127,1
DA:128,1
DA:129,1
DA:130,1
DA:131,1
DA:132,1
DA:133,1
DA:134,1
DA:135,2
DA:137,1
DA:138,1
DA:143,0
DA:144,0
DA:145,0
DA:146,0
DA:147,0
DA:148,0
DA:149,0
DA:150,0
DA:151,0
DA:152,0
DA:153,0
DA:154,0
DA:155,0
DA:156,0
DA:157,0
DA:158,0
DA:159,0
DA:160,0
DA:161,0
DA:162,0
DA:163,0
DA:167,0
DA:170,0
DA:171,0
DA:172,0
DA:173,0
DA:174,0
DA:175,0
DA:176,0
DA:177,0
DA:178,0
DA:179,0
DA:180,0
DA:181,0
DA:182,0
DA:183,0
DA:184,0
DA:185,0
DA:186,0
DA:187,0
DA:188,0
DA:189,0
DA:190,0
LF:71
LH:28
end_of_record
SF:lib/src/data/repository/ativo_repository_impl.dart
DA:10,1
DA:15,1
DA:17,3
DA:18,2
DA:19,1
DA:21,2
LF:6
LH:6
end_of_record
